<?xml version="1.0" encoding="UTF-8"?>
<!-- Generated by org.testng.reporters.JUnitReportReporter -->
<testsuite hostname="DESKTOP-MN4AF6F" failures="0" tests="2" name="assignements.TestPages" time="0.538" errors="0" timestamp="2025-06-30T16:23:09 IST" skipped="0">
  <testcase classname="assignements.TestPages" name="HtmlTableTag" time="0.294"/>
  <system-out/>
  <testcase classname="assignements.TestPages" name="Amount" time="0.244"/>
  <system-out/>
</testsuite> <!-- assignements.TestPages -->
