<?xml version="1.0" encoding="UTF-8"?>
<!-- Generated by org.testng.reporters.JUnitReportReporter -->
<testsuite hostname="Ram" failures="0" tests="2" name="assignements.Assignements16" time="0.153" errors="0" timestamp="2025-07-16T15:11:28 IST" skipped="0">
  <testcase classname="assignements.Assignements16" name="TestCase2" time="0.071"/>
  <system-out/>
  <testcase classname="assignements.Assignements16" name="TestCase1" time="0.082"/>
  <system-out/>
</testsuite> <!-- assignements.Assignements16 -->
