<?xml version="1.0" encoding="UTF-8"?>
<!-- Generated by org.testng.reporters.JUnitReportReporter -->
<testsuite hostname="DESKTOP-MN4AF6F" failures="0" tests="5" name="Maven.Amazon$alert" time="26.034" errors="0" timestamp="2025-05-13T16:00:37 IST" skipped="0">
  <testcase classname="Maven.Amazon$alert" name="TestCaseOne" time="5.143"/>
  <system-out/>
  <testcase classname="Maven.Amazon$alert" name="TestCaseTwo" time="5.196"/>
  <system-out/>
  <testcase classname="Maven.Amazon$alert" name="TestCaseThree" time="5.208"/>
  <system-out/>
  <testcase classname="Maven.Amazon$alert" name="TestCaseFour" time="5.215"/>
  <system-out/>
  <testcase classname="Maven.Amazon$alert" name="TestCaseFive" time="5.272"/>
  <system-out/>
</testsuite> <!-- Maven.Amazon$alert -->
