<?xml version="1.0" encoding="UTF-8"?>
<!-- Generated by org.testng.reporters.JUnitReportReporter -->
<testsuite hostname="DESKTOP-MN4AF6F" failures="0" tests="5" name="Maven.Alerts$alert" time="25.916" errors="0" timestamp="2025-06-04T16:17:00 IST" skipped="0">
  <testcase classname="Maven.Alerts$alert" name="TestCaseOne" time="5.176"/>
  <system-out/>
  <testcase classname="Maven.Alerts$alert" name="TestCaseTwo" time="5.166"/>
  <system-out/>
  <testcase classname="Maven.Alerts$alert" name="TestCaseThree" time="5.184"/>
  <system-out/>
  <testcase classname="Maven.Alerts$alert" name="TestCaseFour" time="5.188"/>
  <system-out/>
  <testcase classname="Maven.Alerts$alert" name="TestCaseFive" time="5.202"/>
  <system-out/>
</testsuite> <!-- Maven.Alerts$alert -->
