<?xml version="1.0" encoding="UTF-8"?>
<!-- Generated by org.testng.reporters.JUnitReportReporter -->
<testsuite hostname="DESKTOP-MN4AF6F" failures="0" tests="1" name="assignements.Assignement9" time="1.432" errors="0" timestamp="2025-07-07T19:36:33 IST" skipped="0">
  <testcase classname="assignements.Assignement9" name="TestCase1" time="1.432"/>
  <system-out/>
</testsuite> <!-- assignements.Assignement9 -->
