<?xml version="1.0" encoding="UTF-8"?>
<!-- Generated by org.testng.reporters.JUnitReportReporter -->
<testsuite hostname="Ram" failures="0" tests="3" name="assignements.Assignement15" time="8.587" errors="0" timestamp="2025-07-15T16:20:38 IST" skipped="0">
  <testcase classname="assignements.Assignement15" name="AdminPage" time="4.286"/>
  <system-out/>
  <testcase classname="assignements.Assignement15" name="organizationPage" time="2.234"/>
  <system-out/>
  <testcase classname="assignements.Assignement15" name="Assending" time="2.067"/>
  <system-out/>
</testsuite> <!-- assignements.Assignement15 -->
