<?xml version="1.0" encoding="UTF-8"?>
<!-- Generated by org.testng.reporters.JUnitReportReporter -->
<testsuite hostname="DESKTOP-MN4AF6F" failures="0" tests="2" name="assignements.PracticeTest" time="1.464" errors="0" timestamp="2025-07-03T13:52:56 IST" skipped="0">
  <testcase classname="assignements.PracticeTest" name="dropDown" time="0.340"/>
  <system-out/>
  <testcase classname="assignements.PracticeTest" name="SuggestionClass" time="1.124"/>
  <system-out/>
</testsuite> <!-- assignements.PracticeTest -->
