<?xml version="1.0" encoding="UTF-8"?>
<!-- Generated by org.testng.reporters.JUnitReportReporter -->
<testsuite hostname="DESKTOP-MN4AF6F" failures="0" tests="3" name="assignements.Assignement9" time="5.014" errors="0" timestamp="2025-07-08T14:07:40 IST" skipped="0">
  <testcase classname="assignements.Assignement9" name="TestCase2" time="2.253"/>
  <system-out/>
  <testcase classname="assignements.Assignement9" name="TestCase1" time="0.458"/>
  <system-out/>
  <testcase classname="assignements.Assignement9" name="TestCase3" time="2.303"/>
  <system-out/>
</testsuite> <!-- assignements.Assignement9 -->
