<?xml version="1.0" encoding="UTF-8"?>
<!-- Generated by org.testng.reporters.JUnitReportReporter -->
<testsuite hostname="DESKTOP-MN4AF6F" failures="0" tests="3" name="assignements.Demo" time="11.675" errors="0" timestamp="2025-06-24T11:37:56 IST" skipped="0">
  <testcase classname="assignements.Demo" name="TestCaseOne" time="4.279"/>
  <system-out/>
  <testcase classname="assignements.Demo" name="TestCaseTwoAdminPAge" time="0.894"/>
  <system-out/>
  <testcase classname="assignements.Demo" name="TestCaseThree" time="6.502"/>
  <system-out/>
</testsuite> <!-- assignements.Demo -->
