<?xml version="1.0" encoding="UTF-8"?>
<!-- Generated by org.testng.reporters.JUnitReportReporter -->
<testsuite hostname="DESKTOP-MN4AF6F" failures="0" tests="1" name="assignements.AmazonList" time="10.216" errors="0" timestamp="2025-06-27T22:01:54 IST" skipped="0">
  <testcase classname="assignements.AmazonList" name="Locators" time="10.216"/>
  <system-out/>
</testsuite> <!-- assignements.AmazonList -->
