<?xml version="1.0" encoding="UTF-8"?>
<!-- Generated by org.testng.reporters.JUnitReportReporter -->
<testsuite hostname="DESKTOP-MN4AF6F" failures="0" tests="2" name="assignements.Assignements3" time="0.870" errors="0" timestamp="2025-07-07T15:26:21 IST" skipped="0">
  <testcase classname="assignements.Assignements3" name="HtmlTableTag" time="0.532"/>
  <system-out/>
  <testcase classname="assignements.Assignements3" name="Amount" time="0.338"/>
  <system-out/>
</testsuite> <!-- assignements.Assignements3 -->
