<?xml version="1.0" encoding="UTF-8"?>
<!-- Generated by org.testng.reporters.JUnitReportReporter -->
<testsuite hostname="DESKTOP-MN4AF6F" failures="0" tests="3" name="assignements.Assignements7" time="5.400" errors="0" timestamp="2025-07-04T12:29:53 IST" skipped="0">
  <testcase classname="assignements.Assignements7" name="TestCase1" time="0.889"/>
  <system-out/>
  <testcase classname="assignements.Assignements7" name="TestCase2" time="4.111"/>
  <system-out/>
  <testcase classname="assignements.Assignements7" name="TestCase" time="0.400"/>
  <system-out/>
</testsuite> <!-- assignements.Assignements7 -->
