<?xml version="1.0" encoding="UTF-8"?>
<!-- Generated by org.testng.reporters.JUnitReportReporter -->
<testsuite hostname="DESKTOP-MN4AF6F" failures="0" tests="2" name="assignements.MouseOverActions" time="1.529" errors="0" timestamp="2025-07-03T19:06:39 IST" skipped="0">
  <testcase classname="assignements.MouseOverActions" name="TestCase1" time="1.085"/>
  <system-out/>
  <testcase classname="assignements.MouseOverActions" name="TestCase" time="0.444"/>
  <system-out/>
</testsuite> <!-- assignements.MouseOverActions -->
