<?xml version="1.0" encoding="UTF-8"?>
<!-- Generated by org.testng.reporters.JUnitReportReporter -->
<testsuite hostname="Ram" failures="0" tests="2" name="assignements.Assignements16" time="10.325" errors="0" timestamp="2025-07-18T14:43:33 IST" skipped="0">
  <testcase classname="assignements.Assignements16" name="TestCase2" time="0.153"/>
  <system-out/>
  <testcase classname="assignements.Assignements16" name="TestCase1" time="10.172"/>
  <system-out/>
</testsuite> <!-- assignements.Assignements16 -->
