<?xml version="1.0" encoding="UTF-8"?>
<!-- Generated by org.testng.reporters.JUnitReportReporter -->
<testsuite hostname="DESKTOP-MN4AF6F" failures="0" tests="1" name="Maven.Forms" time="6.583" errors="0" timestamp="2025-05-13T16:05:01 IST" skipped="0">
  <testcase classname="Maven.Forms" name="Test" time="6.583"/>
  <system-out/>
</testsuite> <!-- Maven.Forms -->
