<?xml version="1.0" encoding="UTF-8"?>
<!-- Generated by org.testng.reporters.JUnitReportReporter -->
<testsuite hostname="DESKTOP-MN4AF6F" failures="0" tests="5" name="Amazon$alert" time="26.003" errors="0" timestamp="2025-05-13T15:45:22 IST" skipped="0">
  <testcase classname="Amazon$alert" name="TestCaseOne" time="5.249"/>
  <system-out/>
  <testcase classname="Amazon$alert" name="TestCaseTwo" time="5.161"/>
  <system-out/>
  <testcase classname="Amazon$alert" name="TestCaseThree" time="5.192"/>
  <system-out/>
  <testcase classname="Amazon$alert" name="TestCaseFour" time="5.190"/>
  <system-out/>
  <testcase classname="Amazon$alert" name="TestCaseFive" time="5.211"/>
  <system-out/>
</testsuite> <!-- Amazon$alert -->
