<?xml version="1.0" encoding="UTF-8"?>
<!-- Generated by org.testng.reporters.JUnitReportReporter -->
<testsuite hostname="DESKTOP-MN4AF6F" failures="0" tests="3" name="assignements.OrangeHrmJob" time="5.548" errors="0" timestamp="2025-06-30T16:55:33 IST" skipped="0">
  <testcase classname="assignements.OrangeHrmJob" name="Job" time="1.725"/>
  <system-out/>
  <testcase classname="assignements.OrangeHrmJob" name="Jobtitle" time="0.487"/>
  <system-out/>
  <testcase classname="assignements.OrangeHrmJob" name="AdminPage" time="3.336"/>
  <system-out/>
</testsuite> <!-- assignements.OrangeHrmJob -->
