<?xml version="1.0" encoding="UTF-8"?>
<!-- Generated by org.testng.reporters.JUnitReportReporter -->
<testsuite hostname="DESKTOP-MN4AF6F" failures="0" tests="4" name="assignements.Assignements10" time="4.334" errors="0" timestamp="2025-07-09T17:43:20 IST" skipped="0">
  <testcase classname="assignements.Assignements10" name="TestCase2" time="0.302"/>
  <system-out/>
  <testcase classname="assignements.Assignements10" name="TestCase4" time="0.281"/>
  <system-out/>
  <testcase classname="assignements.Assignements10" name="TestCase3" time="0.329"/>
  <system-out/>
  <testcase classname="assignements.Assignements10" name="TestCase1" time="3.422"/>
  <system-out/>
</testsuite> <!-- assignements.Assignements10 -->
