<?xml version="1.0" encoding="UTF-8"?>
<!-- Generated by org.testng.reporters.JUnitReportReporter -->
<testsuite hostname="Ram" failures="0" tests="1" name="assignements.Assignment12" time="3.212" errors="0" timestamp="2025-07-10T13:22:12 IST" skipped="0">
  <testcase classname="assignements.Assignment12" name="TestCase1" time="3.212"/>
  <system-out/>
</testsuite> <!-- assignements.Assignment12 -->
