<?xml version="1.0" encoding="UTF-8"?>
<!-- Generated by org.testng.reporters.JUnitReportReporter -->
<testsuite hostname="DESKTOP-MN4AF6F" failures="0" tests="3" name="assignements.Assignement9" time="4.819" errors="0" timestamp="2025-07-07T20:38:25 IST" skipped="0">
  <testcase classname="assignements.Assignement9" name="TestCase2" time="2.207"/>
  <system-out/>
  <testcase classname="assignements.Assignement9" name="TestCase1" time="0.297"/>
  <system-out/>
  <testcase classname="assignements.Assignement9" name="TestCase3" time="2.315"/>
  <system-out/>
</testsuite> <!-- assignements.Assignement9 -->
