<?xml version="1.0" encoding="UTF-8"?>
<!-- Generated by org.testng.reporters.JUnitReportReporter -->
<testsuite hostname="DESKTOP-MN4AF6F" failures="0" tests="4" name="TestClass" time="9.973" errors="0" timestamp="2025-05-06T17:11:28 IST" skipped="0">
  <testcase classname="TestClass" name="test" time="2.214"/>
  <testcase classname="TestClass" name="Test1" time="0.253"/>
  <testcase classname="TestClass" name="Test2" time="2.208"/>
  <testcase classname="TestClass" name="SecondTest" time="5.298"/>
</testsuite> <!-- TestClass -->
