<?xml version="1.0" encoding="UTF-8"?>
<!-- Generated by org.testng.reporters.JUnitReportReporter -->
<testsuite hostname="DESKTOP-MN4AF6F" failures="0" tests="2" name="assignements.RadioButtons" time="0.278" errors="0" timestamp="2025-07-03T18:19:57 IST" skipped="0">
  <testcase classname="assignements.RadioButtons" name="CheckBoxExample" time="0.161"/>
  <system-out/>
  <testcase classname="assignements.RadioButtons" name="RadioButtonsExample" time="0.117"/>
  <system-out/>
</testsuite> <!-- assignements.RadioButtons -->
