<?xml version="1.0" encoding="UTF-8"?>
<!-- Generated by org.testng.reporters.JUnitReportReporter -->
<testsuite hostname="Ram" failures="0" tests="3" name="assignements.Assignement15" time="7.570" errors="0" timestamp="2025-07-15T16:50:14 IST" skipped="0">
  <testcase classname="assignements.Assignement15" name="AdminPage" time="5.105"/>
  <system-out/>
  <testcase classname="assignements.Assignement15" name="organizationPage" time="2.407"/>
  <system-out/>
  <testcase classname="assignements.Assignement15" name="Descending" time="0.058"/>
  <system-out/>
</testsuite> <!-- assignements.Assignement15 -->
